<?xml version="1.0" encoding="UTF-8"?>
<!-- Generated by org.testng.reporters.JUnitReportReporter -->
<testsuite skipped="0" hostname="Lenovo-PC" name="com.Project.Main.LoginPage" tests="4" failures="0" timestamp="27 Aug 2020 07:47:19 GMT" time="7.763" errors="0">
  <testcase name="login" time="1.374" classname="com.Project.Main.LoginPage"/>
  <testcase name="signup" time="3.738" classname="com.Project.Main.LoginPage"/>
  <testcase name="signup" time="1.417" classname="com.Project.Main.LoginPage"/>
  <testcase name="signup" time="1.234" classname="com.Project.Main.LoginPage"/>
</testsuite> <!-- com.Project.Main.LoginPage -->
