<?xml version="1.0" encoding="UTF-8"?>
<!-- Generated by org.testng.reporters.JUnitReportReporter -->
<testsuite skipped="0" hostname="Lenovo-PC" name="com.Project.Main.LoginPage" tests="4" failures="0" timestamp="27 Aug 2020 10:12:12 GMT" time="20.488" errors="0">
  <testcase name="login" time="14.792" classname="com.Project.Main.LoginPage"/>
  <testcase name="signup" time="3.664" classname="com.Project.Main.LoginPage"/>
  <testcase name="signup" time="0.634" classname="com.Project.Main.LoginPage"/>
  <testcase name="signup" time="1.398" classname="com.Project.Main.LoginPage"/>
</testsuite> <!-- com.Project.Main.LoginPage -->
